Build started 2016/9/10 20:51:08.
     1>Project "D:\Documents\Visual Studio 2010\Projects\add\add\add.vcxproj" on node 2 (build target(s)).
     1>InitializeBuildStatus:
         Creating "Debug\add.unsuccessfulbuild" because "AlwaysCreate" was specified.
       ClCompile:
         D:\Program Files (x86)\Microsoft Visual Studio 10.0\VC\bin\CL.exe /c /ZI /nologo /W3 /WX- /Od /Oy- /D WIN32 /D _DEBUG /D _CONSOLE /D _UNICODE /D UNICODE /Gm /EHsc /RTC1 /MDd /GS /fp:precise /Zc:wchar_t /Zc:forScope /Fo"Debug\\" /Fd"Debug\vc100.pdb" /Gd /TC /analyze- /errorReport:prompt add.c
         add.c
     1>d:\documents\visual studio 2010\projects\add\add\add.c(37): warning C4172: returning address of local variable or temporary
     1>d:\documents\visual studio 2010\projects\add\add\add.c(64): warning C4996: 'sprintf': This function or variable may be unsafe. Consider using sprintf_s instead. To disable deprecation, use _CRT_SECURE_NO_WARNINGS. See online help for details.
                 d:\program files (x86)\microsoft visual studio 10.0\vc\include\stdio.h(371) : see declaration of 'sprintf'
     1>d:\documents\visual studio 2010\projects\add\add\add.c(68): warning C4996: 'sprintf': This function or variable may be unsafe. Consider using sprintf_s instead. To disable deprecation, use _CRT_SECURE_NO_WARNINGS. See online help for details.
                 d:\program files (x86)\microsoft visual studio 10.0\vc\include\stdio.h(371) : see declaration of 'sprintf'
     1>d:\documents\visual studio 2010\projects\add\add\add.c(70): warning C4996: 'strcat': This function or variable may be unsafe. Consider using strcat_s instead. To disable deprecation, use _CRT_SECURE_NO_WARNINGS. See online help for details.
                 d:\program files (x86)\microsoft visual studio 10.0\vc\include\string.h(110) : see declaration of 'strcat'
     1>d:\documents\visual studio 2010\projects\add\add\add.c(42): warning C4101: 'process' : unreferenced local variable
       ManifestResourceCompile:
         All outputs are up-to-date.
       Link:
         D:\Program Files (x86)\Microsoft Visual Studio 10.0\VC\bin\link.exe /ERRORREPORT:PROMPT /OUT:"D:\Documents\Visual Studio 2010\Projects\add\Debug\add.exe" /INCREMENTAL /NOLOGO kernel32.lib user32.lib gdi32.lib winspool.lib comdlg32.lib advapi32.lib shell32.lib ole32.lib oleaut32.lib uuid.lib odbc32.lib odbccp32.lib /MANIFEST /ManifestFile:"Debug\add.exe.intermediate.manifest" /MANIFESTUAC:"level='asInvoker' uiAccess='false'" /DEBUG /PDB:"D:\Documents\Visual Studio 2010\Projects\add\Debug\add.pdb" /SUBSYSTEM:CONSOLE /TLBID:1 /DYNAMICBASE /NXCOMPAT /IMPLIB:"D:\Documents\Visual Studio 2010\Projects\add\Debug\add.lib" /MACHINE:X86 Debug\add.exe.embed.manifest.res
         Debug\add.obj
       Manifest:
         C:\Program Files (x86)\Microsoft SDKs\Windows\v7.0A\bin\mt.exe /nologo /verbose /out:"Debug\add.exe.embed.manifest" /manifest Debug\add.exe.intermediate.manifest
         All outputs are up-to-date.
       LinkEmbedManifest:
         All outputs are up-to-date.
         add.vcxproj -> D:\Documents\Visual Studio 2010\Projects\add\Debug\add.exe
       FinalizeBuildStatus:
         Deleting file "Debug\add.unsuccessfulbuild".
         Touching "Debug\add.lastbuildstate".
     1>Done Building Project "D:\Documents\Visual Studio 2010\Projects\add\add\add.vcxproj" (build target(s)).

Build succeeded.

Time Elapsed 00:00:00.79
